<?xml version="1.0" encoding="UTF-8"?>
<!-- Generated by org.testng.reporters.JUnitReportReporter -->
<testsuite hostname="BOOK-TB0HS12M3M" failures="0" tests="2" name="testpkg.Oroshealthtest" time="15.106" errors="0" timestamp="2024-05-14T12:21:39 IST" skipped="0">
  <testcase classname="testpkg.Oroshealthtest" name="lnkcount" time="0.030"/>
  <testcase classname="testpkg.Oroshealthtest" name="logintst" time="15.076"/>
</testsuite> <!-- testpkg.Oroshealthtest -->
