<?xml version="1.0" encoding="UTF-8"?>
<!-- Generated by org.testng.reporters.JUnitReportReporter -->
<testsuite hostname="BOOK-TB0HS12M3M" failures="0" tests="1" name="testpkg.Oroshealthhome" time="7.017" errors="0" timestamp="2024-05-14T15:29:23 IST" skipped="0">
  <testcase classname="testpkg.Oroshealthhome" name="userSearch" time="7.017"/>
</testsuite> <!-- testpkg.Oroshealthhome -->
