<?xml version="1.0" encoding="UTF-8"?>
<!-- Generated by org.testng.reporters.JUnitReportReporter -->
<testsuite hostname="BOOK-TB0HS12M3M" failures="0" tests="3" name="testpkg.Oroshealthhometst" time="35.865" errors="0" timestamp="2024-05-17T09:50:44 IST" skipped="2">
  <testcase classname="testpkg.Oroshealthhometst" name="userSearch" time="35.865"/>
  <testcase classname="testpkg.Oroshealthhometst" name="emojiRctn">
    <skipped/>
  </testcase> <!-- emojiRctn -->
  <testcase classname="testpkg.Oroshealthhometst" name="humnAspects">
    <skipped/>
  </testcase> <!-- humnAspects -->
</testsuite> <!-- testpkg.Oroshealthhometst -->
