<?xml version="1.0" encoding="UTF-8"?>
<!-- Generated by org.testng.reporters.JUnitReportReporter -->
<testsuite hostname="BOOK-TB0HS12M3M" failures="0" tests="2" name="testpkg.Oroshealthtest2_Blog" time="89.511" errors="0" timestamp="2024-05-20T09:37:51 IST" skipped="0">
  <testcase classname="testpkg.Oroshealthtest2_Blog" name="blogPost" time="50.300"/>
  <testcase classname="testpkg.Oroshealthtest2_Blog" name="blogPostCatgry" time="39.211"/>
</testsuite> <!-- testpkg.Oroshealthtest2_Blog -->
