<?xml version="1.0" encoding="UTF-8"?>
<!-- Generated by org.testng.reporters.JUnitReportReporter -->
<testsuite hostname="BOOK-TB0HS12M3M" failures="0" tests="1" name="testpkg.Oroshealthlogintest" time="16.077" errors="0" timestamp="2024-05-15T09:17:24 IST" skipped="0">
  <testcase classname="testpkg.Oroshealthlogintest" name="logintst" time="16.077"/>
</testsuite> <!-- testpkg.Oroshealthlogintest -->
